This is pdfTeX, Version 3.141592653-2.6-1.40.28 (MiKTeX 25.12) (preloaded format=pdflatex 2026.2.26)  10 JUL 2026 14:19
entering extended mode
 restricted \write18 enabled.
 file:line:error style messages enabled.
 %&-line parsing enabled.
**"d:/Data-driven project/Data-Driven-Project/Emanuele/latex/results.tex"
(d:/Data-driven project/Data-Driven-Project/Emanuele/latex/results.tex
LaTeX2e <2025-11-01>
L3 programming layer <2025-12-24>
(C:\Users\emanu\AppData\Local\Programs\MiKTeX\tex/latex/base\article.cls
Document Class: article 2025/01/22 v1.4n Standard LaTeX document class
(C:\Users\emanu\AppData\Local\Programs\MiKTeX\tex/latex/base\size10.clo
File: size10.clo 2025/01/22 v1.4n Standard LaTeX file (size option)
)
\c@part=\count275
\c@section=\count276
\c@subsection=\count277
\c@subsubsection=\count278
\c@paragraph=\count279
\c@subparagraph=\count280
\c@figure=\count281
\c@table=\count282
\abovecaptionskip=\skip49
\belowcaptionskip=\skip50
\bibindent=\dimen148
) (C:\Users\emanu\AppData\Local\Programs\MiKTeX\tex/latex/amsmath\amsmath.sty
Package: amsmath 2025/07/09 v2.17z AMS math features
\@mathmargin=\skip51

For additional information on amsmath, use the `?' option.
(C:\Users\emanu\AppData\Local\Programs\MiKTeX\tex/latex/amsmath\amstext.sty
Package: amstext 2024/11/17 v2.01 AMS text
 (C:\Users\emanu\AppData\Local\Programs\MiKTeX\tex/latex/amsmath\amsgen.sty
File: amsgen.sty 1999/11/30 v2.0 generic functions
\@emptytoks=\toks17
\ex@=\dimen149
)) (C:\Users\emanu\AppData\Local\Programs\MiKTeX\tex/latex/amsmath\amsbsy.sty
Package: amsbsy 1999/11/29 v1.2d Bold Symbols
\pmbraise@=\dimen150
) (C:\Users\emanu\AppData\Local\Programs\MiKTeX\tex/latex/amsmath\amsopn.sty
Package: amsopn 2022/04/08 v2.04 operator names
)
\inf@bad=\count283
LaTeX Info: Redefining \frac on input line 233.
\uproot@=\count284
\leftroot@=\count285
LaTeX Info: Redefining \overline on input line 398.
LaTeX Info: Redefining \colon on input line 409.
\classnum@=\count286
\DOTSCASE@=\count287
LaTeX Info: Redefining \ldots on input line 495.
LaTeX Info: Redefining \dots on input line 498.
LaTeX Info: Redefining \cdots on input line 619.
\Mathstrutbox@=\box53
\strutbox@=\box54
LaTeX Info: Redefining \big on input line 721.
LaTeX Info: Redefining \Big on input line 722.
LaTeX Info: Redefining \bigg on input line 723.
LaTeX Info: Redefining \Bigg on input line 724.
\big@size=\dimen151
LaTeX Font Info:    Redeclaring font encoding OML on input line 742.
LaTeX Font Info:    Redeclaring font encoding OMS on input line 743.
\macc@depth=\count288
LaTeX Info: Redefining \bmod on input line 904.
LaTeX Info: Redefining \pmod on input line 909.
LaTeX Info: Redefining \smash on input line 939.
LaTeX Info: Redefining \relbar on input line 969.
LaTeX Info: Redefining \Relbar on input line 970.
\c@MaxMatrixCols=\count289
\dotsspace@=\muskip17
\c@parentequation=\count290
\dspbrk@lvl=\count291
\tag@help=\toks18
\row@=\count292
\column@=\count293
\maxfields@=\count294
\andhelp@=\toks19
\eqnshift@=\dimen152
\alignsep@=\dimen153
\tagshift@=\dimen154
\tagwidth@=\dimen155
\totwidth@=\dimen156
\lineht@=\dimen157
\@envbody=\toks20
\multlinegap=\skip52
\multlinetaggap=\skip53
\mathdisplay@stack=\toks21
LaTeX Info: Redefining \[ on input line 2950.
LaTeX Info: Redefining \] on input line 2951.
) (C:\Users\emanu\AppData\Local\Programs\MiKTeX\tex/latex/booktabs\booktabs.sty
Package: booktabs 2020/01/12 v1.61803398 Publication quality tables
\heavyrulewidth=\dimen158
\lightrulewidth=\dimen159
\cmidrulewidth=\dimen160
\belowrulesep=\dimen161
\belowbottomsep=\dimen162
\aboverulesep=\dimen163
\abovetopsep=\dimen164
\cmidrulesep=\dimen165
\cmidrulekern=\dimen166
\defaultaddspace=\dimen167
\@cmidla=\count295
\@cmidlb=\count296
\@aboverulesep=\dimen168
\@belowrulesep=\dimen169
\@thisruleclass=\count297
\@lastruleclass=\count298
\@thisrulewidth=\dimen170
) (C:\Users\emanu\AppData\Local\Programs\MiKTeX\tex/latex/geometry\geometry.sty
Package: geometry 2020/01/02 v5.9 Page Geometry
 (C:\Users\emanu\AppData\Local\Programs\MiKTeX\tex/latex/graphics\keyval.sty
Package: keyval 2022/05/29 v1.15 key=value parser (DPC)
\KV@toks@=\toks22
) (C:\Users\emanu\AppData\Local\Programs\MiKTeX\tex/generic/iftex\ifvtex.sty
Package: ifvtex 2019/10/25 v1.7 ifvtex legacy package. Use iftex instead.
 (C:\Users\emanu\AppData\Local\Programs\MiKTeX\tex/generic/iftex\iftex.sty
Package: iftex 2024/12/12 v1.0g TeX engine tests
))
\Gm@cnth=\count299
\Gm@cntv=\count300
\c@Gm@tempcnt=\count301
\Gm@bindingoffset=\dimen171
\Gm@wd@mp=\dimen172
\Gm@odd@mp=\dimen173
\Gm@even@mp=\dimen174
\Gm@layoutwidth=\dimen175
\Gm@layoutheight=\dimen176
\Gm@layouthoffset=\dimen177
\Gm@layoutvoffset=\dimen178
\Gm@dimlist=\toks23
 (C:\Users\emanu\AppData\Local\Programs\MiKTeX\tex/latex/geometry\geometry.cfg)) (C:\Users\emanu\AppData\Local\Programs\MiKTeX\tex/latex/graphics\graphicx.sty
Package: graphicx 2024/12/31 v1.2e Enhanced LaTeX Graphics (DPC,SPQR)
 (C:\Users\emanu\AppData\Local\Programs\MiKTeX\tex/latex/graphics\graphics.sty
Package: graphics 2024/08/06 v1.4g Standard LaTeX Graphics (DPC,SPQR)
 (C:\Users\emanu\AppData\Local\Programs\MiKTeX\tex/latex/graphics\trig.sty
Package: trig 2023/12/02 v1.11 sin cos tan (DPC)
) (C:\Users\emanu\AppData\Local\Programs\MiKTeX\tex/latex/graphics-cfg\graphics.cfg
File: graphics.cfg 2016/06/04 v1.11 sample graphics configuration
)
Package graphics Info: Driver file: pdftex.def on input line 106.
 (C:\Users\emanu\AppData\Local\Programs\MiKTeX\tex/latex/graphics-def\pdftex.def
File: pdftex.def 2025/09/29 v1.2d Graphics/color driver for pdftex
))
\Gin@req@height=\dimen179
\Gin@req@width=\dimen180
) (C:\Users\emanu\AppData\Local\Programs\MiKTeX\tex/latex/caption\subcaption.sty
Package: subcaption 2023/07/28 v1.6b Sub-captions (AR)
 (C:\Users\emanu\AppData\Local\Programs\MiKTeX\tex/latex/caption\caption.sty
Package: caption 2023/08/05 v3.6o Customizing captions (AR)
 (C:\Users\emanu\AppData\Local\Programs\MiKTeX\tex/latex/caption\caption3.sty
Package: caption3 2023/07/31 v2.4d caption3 kernel (AR)
\caption@tempdima=\dimen181
\captionmargin=\dimen182
\caption@leftmargin=\dimen183
\caption@rightmargin=\dimen184
\caption@width=\dimen185
\caption@indent=\dimen186
\caption@parindent=\dimen187
\caption@hangindent=\dimen188
Package caption Info: Standard document class detected.
)
\c@caption@flags=\count302
\c@continuedfloat=\count303
)
Package caption Info: New subtype `subfigure' on input line 238.
\c@subfigure=\count304
Package caption Info: New subtype `subtable' on input line 238.
\c@subtable=\count305
) (C:\Users\emanu\AppData\Local\Programs\MiKTeX\tex/latex/l3backend\l3backend-pdftex.def
File: l3backend-pdftex.def 2025-10-09 L3 backend support: PDF output (pdfTeX)
\l__color_backend_stack_int=\count306
) (results.aux)
\openout1 = `results.aux'.

LaTeX Font Info:    Checking defaults for OML/cmm/m/it on input line 14.
LaTeX Font Info:    ... okay on input line 14.
LaTeX Font Info:    Checking defaults for OMS/cmsy/m/n on input line 14.
LaTeX Font Info:    ... okay on input line 14.
LaTeX Font Info:    Checking defaults for OT1/cmr/m/n on input line 14.
LaTeX Font Info:    ... okay on input line 14.
LaTeX Font Info:    Checking defaults for T1/cmr/m/n on input line 14.
LaTeX Font Info:    ... okay on input line 14.
LaTeX Font Info:    Checking defaults for TS1/cmr/m/n on input line 14.
LaTeX Font Info:    ... okay on input line 14.
LaTeX Font Info:    Checking defaults for OMX/cmex/m/n on input line 14.
LaTeX Font Info:    ... okay on input line 14.
LaTeX Font Info:    Checking defaults for U/cmr/m/n on input line 14.
LaTeX Font Info:    ... okay on input line 14.

*geometry* driver: auto-detecting
*geometry* detected driver: pdftex
*geometry* verbose mode - [ preamble ] result:
* driver: pdftex
* paper: a4paper
* layout: <same size as paper>
* layoutoffset:(h,v)=(0.0pt,0.0pt)
* modes: 
* h-part:(L,W,R)=(72.26999pt, 452.9679pt, 72.26999pt)
* v-part:(T,H,B)=(72.26999pt, 700.50687pt, 72.26999pt)
* \paperwidth=597.50787pt
* \paperheight=845.04684pt
* \textwidth=452.9679pt
* \textheight=700.50687pt
* \oddsidemargin=0.0pt
* \evensidemargin=0.0pt
* \topmargin=-37.0pt
* \headheight=12.0pt
* \headsep=25.0pt
* \topskip=10.0pt
* \footskip=30.0pt
* \marginparwidth=65.0pt
* \marginparsep=11.0pt
* \columnsep=10.0pt
* \skip\footins=9.0pt plus 4.0pt minus 2.0pt
* \hoffset=0.0pt
* \voffset=0.0pt
* \mag=1000
* \@twocolumnfalse
* \@twosidefalse
* \@mparswitchfalse
* \@reversemarginfalse
* (1in=72.27pt=25.4mm, 1cm=28.453pt)

(C:\Users\emanu\AppData\Local\Programs\MiKTeX\tex/context/base/mkii\supp-pdf.mkii
[Loading MPS to PDF converter (version 2006.09.02).]
\scratchcounter=\count307
\scratchdimen=\dimen189
\scratchbox=\box55
\nofMPsegments=\count308
\nofMParguments=\count309
\everyMPshowfont=\toks24
\MPscratchCnt=\count310
\MPscratchDim=\dimen190
\MPnumerator=\count311
\makeMPintoPDFobject=\count312
\everyMPtoPDFconversion=\toks25
) (C:\Users\emanu\AppData\Local\Programs\MiKTeX\tex/latex/epstopdf-pkg\epstopdf-base.sty
Package: epstopdf-base 2020-01-24 v2.11 Base part for package epstopdf
Package epstopdf-base Info: Redefining graphics rule for `.eps' on input line 485.
 (C:\Users\emanu\AppData\Local\Programs\MiKTeX\tex/latex/00miktex\epstopdf-sys.cfg
File: epstopdf-sys.cfg 2021/03/18 v2.0 Configuration of epstopdf for MiKTeX
))
Package caption Info: Begin \AtBeginDocument code.
Package caption Info: End \AtBeginDocument code.

Overfull \hbox (234.04274pt too wide) in paragraph at lines 41--42
\OT1/cmr/m/n/10 This sec-tion doc-u-ments, in full, the iden-ti-fi-ca-tion method im-ple-mented in \OT1/cmtt/m/n/10 ViscoElasticity[]tensor[]3D/NonLinear[]3D/fit[]nonlinear[]deviatoric[]sindy.py\OT1/cmr/m/n/10 .
 []

[1

{C:/Users/emanu/AppData/Local/MiKTeX/fonts/map/pdftex/pdftex.map}]
Overfull \hbox (130.79536pt too wide) in paragraph at lines 58--59
[]\OT1/cmr/bx/n/10 Biaxial-normal \OT1/cmr/m/n/10 ($\OML/cmm/m/it/10 S[]$ \OT1/cmr/m/n/10 fit): $[] = 0\OML/cmm/m/it/10 :\OT1/cmr/m/n/10 20 []$,
 []


Overfull \hbox (163.73958pt too wide) in paragraph at lines 58--59
\OT1/cmr/m/n/10 to-gether with an in-de-pen-dent sec-ond nor-mal di-rec-tion $[] = 0\OML/cmm/m/it/10 :\OT1/cmr/m/n/10 15 []$. 
 []


Overfull \hbox (122.13274pt too wide) in paragraph at lines 59--60
[]\OT1/cmr/bx/n/10 Biaxial-shear \OT1/cmr/m/n/10 ($\OML/cmm/m/it/10 S[]$ \OT1/cmr/m/n/10 fit): $[] = 0\OML/cmm/m/it/10 :\OT1/cmr/m/n/10 20 []$,
 []


Overfull \hbox (151.25478pt too wide) in paragraph at lines 59--60
\OT1/cmr/m/n/10 to-gether with an in-de-pen-dent sec-ond shear chan-nel $[] = 0\OML/cmm/m/it/10 :\OT1/cmr/m/n/10 15 []$. 
 []


Overfull \hbox (13.58582pt too wide) in paragraph at lines 66--67
 \OT1/cmr/bx/n/10 Why the train-ing path had to be-come bi-ax-ial.[] \OT1/cmr/m/n/10 A single-axis train-ing path (the orig-i-nal uniaxial/pure-
 []


Overfull \hbox (9.37186pt too wide) in paragraph at lines 72--73
[]\OT1/cmr/bx/n/10 Shear-component model\OT1/cmr/m/n/10 : fit on $\OML/cmm/m/it/10 S[]$ \OT1/cmr/m/n/10 from the shear train-ing tra-jec-tory, us-ing fea-tures $[[]\OML/cmm/m/it/10 ;  S[]^^[[]\OT1/cmr/m/n/10 ]$
 []

[2{C:/Users/emanu/AppData/Local/Programs/MiKTeX/fonts/enc/dvips/cm-super/cm-super-ts1.enc}] [3]
Overfull \hbox (76.81432pt too wide) in paragraph at lines 122--131
 [][] 
 []

<nonlinear_deviatoric_comparison.png, id=25, 867.24pt x 722.7pt>
File: nonlinear_deviatoric_comparison.png Graphic file (type png)
<use nonlinear_deviatoric_comparison.png>
Package pdftex.def Info: nonlinear_deviatoric_comparison.png  used on input line 156.
(pdftex.def)             Requested size: 452.9679pt x 377.47131pt.
[4] [5 <./nonlinear_deviatoric_comparison.png>]
Overfull \hbox (56.8941pt too wide) in paragraph at lines 165--166
[]\OT1/cmr/m/it/10 The stan-dalone 1D Python script is hard-coded in a mis-lead-ing way. In MAIN-CODE[]simple[]visco[]sindy.py,
 []


Overfull \hbox (1.72885pt too wide) in paragraph at lines 170--171
\OT1/cmr/m/n/10 loudly with the of-fend-ing co-ef-fi-cients printed, in-stead of silently trun-cat-ing them in \OT1/cmtt/m/n/10 discovered[]ode\OT1/cmr/m/n/10 . 
 []


Overfull \hbox (43.13698pt too wide) in paragraph at lines 171--172
[]\OT1/cmr/bx/n/10 Library no longer re-stricted to the an-swer\OT1/cmr/m/n/10 : The script pre-vi-ously used \OT1/cmtt/m/n/10 PolynomialLibrary(degree=1)\OT1/cmr/m/n/10 ,
 []


Overfull \hbox (42.99443pt too wide) in paragraph at lines 171--172
\OT1/cmr/m/n/10 raised about thresh-old tun-ing, just moved to the li-brary. The script now uses \OT1/cmtt/m/n/10 PolynomialLibrary(degree=3)
 []


Overfull \hbox (18.90202pt too wide) in paragraph at lines 174--175
\OT1/cmr/m/n/10 ported plas-tic re-sult (SR3, via \OT1/cmtt/m/n/10 24d[]vocePerzyna1D[]finalPres.py \OT1/cmr/m/n/10 and \OT1/cmtt/m/n/10 25[]voce[]perzyna[]residual.py\OT1/cmr/m/n/10 )
 []


LaTeX Warning: `h' float specifier changed to `ht'.

LaTeX Font Info:    Font shape `OT1/cmtt/bx/n' in size <12> not available
(Font)              Font shape `OT1/cmtt/m/n' tried instead on input line 208.
<../figures/1D/01_training_inputs_rich_signal.png, id=34, 505.89pt x 361.35pt>
File: ../figures/1D/01_training_inputs_rich_signal.png Graphic file (type png)
<use ../figures/1D/01_training_inputs_rich_signal.png>
Package pdftex.def Info: ../figures/1D/01_training_inputs_rich_signal.png  used on input line 214.
(pdftex.def)             Requested size: 217.42265pt x 155.30579pt.
<../figures/1D/02_training_outputs_reconstruction.png, id=35, 505.89pt x 361.35pt>
File: ../figures/1D/02_training_outputs_reconstruction.png Graphic file (type png)
<use ../figures/1D/02_training_outputs_reconstruction.png>
Package pdftex.def Info: ../figures/1D/02_training_outputs_reconstruction.png  used on input line 219.
(pdftex.def)             Requested size: 217.42265pt x 155.30579pt.
[6]
<../figures/1D/03_training_stress_strain.png, id=39, 505.89pt x 361.35pt>
File: ../figures/1D/03_training_stress_strain.png Graphic file (type png)
<use ../figures/1D/03_training_stress_strain.png>
Package pdftex.def Info: ../figures/1D/03_training_stress_strain.png  used on input line 228.
(pdftex.def)             Requested size: 217.42265pt x 155.30579pt.
<../figures/1D/06_validation_stress_strain.png, id=40, 505.89pt x 361.35pt>
File: ../figures/1D/06_validation_stress_strain.png Graphic file (type png)
<use ../figures/1D/06_validation_stress_strain.png>
Package pdftex.def Info: ../figures/1D/06_validation_stress_strain.png  used on input line 233.
(pdftex.def)             Requested size: 217.42265pt x 155.30579pt.
<../figures/1D/04_validation_inputs_unseen_signal.png, id=41, 505.89pt x 361.35pt>
File: ../figures/1D/04_validation_inputs_unseen_signal.png Graphic file (type png)
<use ../figures/1D/04_validation_inputs_unseen_signal.png>
Package pdftex.def Info: ../figures/1D/04_validation_inputs_unseen_signal.png  used on input line 242.
(pdftex.def)             Requested size: 217.42265pt x 155.30579pt.
<../figures/1D/05_validation_outputs_generalization.png, id=42, 505.89pt x 361.35pt>
File: ../figures/1D/05_validation_outputs_generalization.png Graphic file (type png)
<use ../figures/1D/05_validation_outputs_generalization.png>
Package pdftex.def Info: ../figures/1D/05_validation_outputs_generalization.png  used on input line 247.
(pdftex.def)             Requested size: 217.42265pt x 155.30579pt.
<../figures/1D/07_threshold_sensitivity_sweep_degree3_library.png, id=43, 650.43pt x 433.62pt>
File: ../figures/1D/07_threshold_sensitivity_sweep_degree3_library.png Graphic file (type png)
<use ../figures/1D/07_threshold_sensitivity_sweep_degree3_library.png>
Package pdftex.def Info: ../figures/1D/07_threshold_sensitivity_sweep_degree3_library.png  used on input line 255.
(pdftex.def)             Requested size: 407.66833pt x 271.78596pt.

Overfull \hbox (216.74156pt too wide) in paragraph at lines 259--259
[]\OT1/cmr/bx/n/12 3D De-vi-a-toric Val-i-da-tion Fig-ures (\OT1/cmtt/m/n/12 ViscoElasticity[]tensor[]3D/NonLinear[]3D/fit[]nonlinear[]deviatoric[]sindy.py\OT1/cmr/bx/n/12 ) 
 []

<../figures/3D/01_combined_Sxx_rmse0.0022.png, id=44, 505.89pt x 361.35pt>
File: ../figures/3D/01_combined_Sxx_rmse0.0022.png Graphic file (type png)
<use ../figures/3D/01_combined_Sxx_rmse0.0022.png>
Package pdftex.def Info: ../figures/3D/01_combined_Sxx_rmse0.0022.png  used on input line 266.
(pdftex.def)             Requested size: 217.42265pt x 155.30579pt.
<../figures/3D/02_combined_Sxy_rmse0.0051.png, id=45, 505.89pt x 361.35pt>
File: ../figures/3D/02_combined_Sxy_rmse0.0051.png Graphic file (type png)
<use ../figures/3D/02_combined_Sxy_rmse0.0051.png>
Package pdftex.def Info: ../figures/3D/02_combined_Sxy_rmse0.0051.png  used on input line 271.
(pdftex.def)             Requested size: 217.42265pt x 155.30579pt.
<../figures/3D/03_biaxial_Sxx_rmse0.0032.png, id=46, 505.89pt x 361.35pt>
File: ../figures/3D/03_biaxial_Sxx_rmse0.0032.png Graphic file (type png)
<use ../figures/3D/03_biaxial_Sxx_rmse0.0032.png>
Package pdftex.def Info: ../figures/3D/03_biaxial_Sxx_rmse0.0032.png  used on input line 280.
(pdftex.def)             Requested size: 217.42265pt x 155.30579pt.
<../figures/3D/04_biaxial_Syy_rmse0.0028.png, id=47, 505.89pt x 361.35pt>
File: ../figures/3D/04_biaxial_Syy_rmse0.0028.png Graphic file (type png)
<use ../figures/3D/04_biaxial_Syy_rmse0.0028.png>
Package pdftex.def Info: ../figures/3D/04_biaxial_Syy_rmse0.0028.png  used on input line 285.
(pdftex.def)             Requested size: 217.42265pt x 155.30579pt.

Underfull \hbox (badness 10000) in paragraph at lines 288--288
[]\OT1/cmr/m/n/10 Figure 7: |Bi-ax-ial ten-sion val-i-da-tion load. \OT1/cmtt/m/n/10 03[]biaxial[]Sxx[]rmse0.0032.png \OT1/cmr/m/n/10 /
 []

<../figures/3D/05_threshold_sensitivity_sweep_degree3_rescaled.png, id=48, 939.51pt x 361.35pt>
File: ../figures/3D/05_threshold_sensitivity_sweep_degree3_rescaled.png Graphic file (type png)
<use ../figures/3D/05_threshold_sensitivity_sweep_degree3_rescaled.png>
Package pdftex.def Info: ../figures/3D/05_threshold_sensitivity_sweep_degree3_rescaled.png  used on input line 293.
(pdftex.def)             Requested size: 430.31812pt x 165.50623pt.
[7 <../figures/1D/01_training_inputs_rich_signal.png> <../figures/1D/02_training_outputs_reconstruction.png>] [8 <../figures/1D/03_training_stress_strain.png> <../figures/1D/06_validation_stress_strain.png> <../figures/1D/04_validation_inputs_unseen_signal.png> <../figures/1D/05_validation_outputs_generalization.png>] [9 <../figures/1D/07_threshold_sensitivity_sweep_degree3_library.png> <../figures/3D/01_combined_Sxx_rmse0.0022.png> <../figures/3D/02_combined_Sxy_rmse0.0051.png>] [10 <../figures/3D/03_biaxial_Sxx_rmse0.0032.png> <../figures/3D/04_biaxial_Syy_rmse0.0028.png> <../figures/3D/05_threshold_sensitivity_sweep_degree3_rescaled.png>]
Overfull \hbox (19.89261pt too wide) in paragraph at lines 318--319
\OT1/cmr/m/n/10 the equiv-a-lent strain rate, com-bined through second-order poly-no-mial terms (\OT1/cmtt/m/n/10 PolynomialLibrary(degree=2)
 []

<../figures/plastic/01_validation_stress_strain.png, id=79, 361.35pt x 289.08pt>
File: ../figures/plastic/01_validation_stress_strain.png Graphic file (type png)
<use ../figures/plastic/01_validation_stress_strain.png>
Package pdftex.def Info: ../figures/plastic/01_validation_stress_strain.png  used on input line 346.
(pdftex.def)             Requested size: 217.42265pt x 173.93895pt.
<../figures/plastic/02_validation_plastic_strain_accumulation.png, id=80, 361.35pt x 289.08pt>
File: ../figures/plastic/02_validation_plastic_strain_accumulation.png Graphic file (type png)
<use ../figures/plastic/02_validation_plastic_strain_accumulation.png>
Package pdftex.def Info: ../figures/plastic/02_validation_plastic_strain_accumulation.png  used on input line 352.
(pdftex.def)             Requested size: 217.42265pt x 173.93895pt.

Underfull \hbox (badness 1226) in paragraph at lines 356--356
\OT1/cmr/m/n/10 the un-seen val-i-da-tion path (val-i-da-tion RMSE: $\OML/cmm/m/it/10 ^^[ \OT1/cmr/m/n/10 = 5\OML/cmm/m/it/10 :\OT1/cmr/m/n/10 22 \OMS/cmsy/m/n/10 ^^B \OT1/cmr/m/n/10 10[]$ MPa, $\OML/cmm/m/it/10 "[] \OT1/cmr/m/n/10 = 2\OML/cmm/m/it/10 :\OT1/cmr/m/n/10 61 \OMS/cmsy/m/n/10 ^^B \OT1/cmr/m/n/10 10[]$).
 []

<../figures/plastic/03_validation_hardening_curve.png, id=81, 361.35pt x 289.08pt>
File: ../figures/plastic/03_validation_hardening_curve.png Graphic file (type png)
<use ../figures/plastic/03_validation_hardening_curve.png>
Package pdftex.def Info: ../figures/plastic/03_validation_hardening_curve.png  used on input line 361.
(pdftex.def)             Requested size: 317.07614pt x 253.66336pt.
<../figures/plastic/04_hardening_residual.png, id=82, 505.89pt x 361.35pt>
File: ../figures/plastic/04_hardening_residual.png Graphic file (type png)
<use ../figures/plastic/04_hardening_residual.png>
Package pdftex.def Info: ../figures/plastic/04_hardening_residual.png  used on input line 368.
(pdftex.def)             Requested size: 362.37569pt x 258.84299pt.
[11] [12 <../figures/plastic/01_validation_stress_strain.png> <../figures/plastic/02_validation_plastic_strain_accumulation.png> <../figures/plastic/03_validation_hardening_curve.png>] [13 <../figures/plastic/04_hardening_residual.png>] (results.aux)
 ***********
LaTeX2e <2025-11-01>
L3 programming layer <2025-12-24>
 ***********
 ) 
Here is how much of TeX's memory you used:
 4344 strings out of 467871
 78478 string characters out of 5418376
 495186 words of memory out of 5000000
 33199 multiletter control sequences out of 15000+600000
 637001 words of font info for 74 fonts, out of 8000000 for 9000
 1141 hyphenation exceptions out of 8191
 67i,10n,77p,1899b,512s stack positions out of 10000i,1000n,20000p,200000b,200000s
<C:/Users/emanu/AppData/Local/Programs/MiKTeX/fonts/type1/public/amsfonts/cm/cmbx10.pfb><C:/Users/emanu/AppData/Local/Programs/MiKTeX/fonts/type1/public/amsfonts/cm/cmbx12.pfb><C:/Users/emanu/AppData/Local/Programs/MiKTeX/fonts/type1/public/amsfonts/cm/cmex10.pfb><C:/Users/emanu/AppData/Local/Programs/MiKTeX/fonts/type1/public/amsfonts/cm/cmmi10.pfb><C:/Users/emanu/AppData/Local/Programs/MiKTeX/fonts/type1/public/amsfonts/cm/cmmi5.pfb><C:/Users/emanu/AppData/Local/Programs/MiKTeX/fonts/type1/public/amsfonts/cm/cmmi6.pfb><C:/Users/emanu/AppData/Local/Programs/MiKTeX/fonts/type1/public/amsfonts/cm/cmmi7.pfb><C:/Users/emanu/AppData/Local/Programs/MiKTeX/fonts/type1/public/amsfonts/cm/cmmi9.pfb><C:/Users/emanu/AppData/Local/Programs/MiKTeX/fonts/type1/public/amsfonts/cm/cmr10.pfb><C:/Users/emanu/AppData/Local/Programs/MiKTeX/fonts/type1/public/amsfonts/cm/cmr12.pfb><C:/Users/emanu/AppData/Local/Programs/MiKTeX/fonts/type1/public/amsfonts/cm/cmr17.pfb><C:/Users/emanu/AppData/Local/Programs/MiKTeX/fonts/type1/public/amsfonts/cm/cmr7.pfb><C:/Users/emanu/AppData/Local/Programs/MiKTeX/fonts/type1/public/amsfonts/cm/cmr9.pfb><C:/Users/emanu/AppData/Local/Programs/MiKTeX/fonts/type1/public/amsfonts/cm/cmsy10.pfb><C:/Users/emanu/AppData/Local/Programs/MiKTeX/fonts/type1/public/amsfonts/cm/cmsy7.pfb><C:/Users/emanu/AppData/Local/Programs/MiKTeX/fonts/type1/public/amsfonts/cm/cmti10.pfb><C:/Users/emanu/AppData/Local/Programs/MiKTeX/fonts/type1/public/amsfonts/cm/cmtt10.pfb><C:/Users/emanu/AppData/Local/Programs/MiKTeX/fonts/type1/public/amsfonts/cm/cmtt12.pfb><C:/Users/emanu/AppData/Local/Programs/MiKTeX/fonts/type1/public/amsfonts/cm/cmtt9.pfb><C:/Users/emanu/AppData/Local/Programs/MiKTeX/fonts/type1/public/cm-super/sfrm1000.pfb>
Output written on results.pdf (13 pages, 1768318 bytes).
PDF statistics:
 181 PDF objects out of 1000 (max. 8388607)
 0 named destinations out of 1000 (max. 500000)
 86 words of extra memory for PDF output out of 10000 (max. 10000000)

